android/build/outputs/logs/manifest-merger-debug-report.txt
-- Merging decision tree log ---
manifest
ADDED from refactored-octo-potato/android/AndroidManifest.xml:2:1-30:12
	package
		ADDED from refactored-octo-potato/android/AndroidManifest.xml:3:5-29
		INJECTED from refactored-octo-potato/android/AndroidManifest.xml
		INJECTED from refactored-octo-potato/android/AndroidManifest.xml
	android:versionName
		ADDED from refactored-octo-potato/android/AndroidManifest.xml:5:5-30
		INJECTED from refactored-octo-potato/android/AndroidManifest.xml
		INJECTED from refactored-octo-potato/android/AndroidManifest.xml
	android:versionCode
		ADDED from refactored-octo-potato/android/AndroidManifest.xml:4:5-28
		INJECTED from refactored-octo-potato/android/AndroidManifest.xml
		INJECTED from refactored-octo-potato/android/AndroidManifest.xml
	xmlns:android
		ADDED from refactored-octo-potato/android/AndroidManifest.xml:2:11-69
uses-sdk
ADDED from refactored-octo-potato/android/AndroidManifest.xml:7:5-74
	android:targetSdkVersion
		ADDED from refactored-octo-potato/android/AndroidManifest.xml:7:42-71
		INJECTED from refactored-octo-potato/android/AndroidManifest.xml
		INJECTED from refactored-octo-potato/android/AndroidManifest.xml
	android:minSdkVersion
		ADDED from refactored-octo-potato/android/AndroidManifest.xml:7:15-41
		INJECTED from refactored-octo-potato/android/AndroidManifest.xml
		INJECTED from refactored-octo-potato/android/AndroidManifest.xml
uses-permission#android.permission.INTERNET
ADDED from refactored-octo-potato/android/AndroidManifest.xml:9:5-67
	android:name
		ADDED from refactored-octo-potato/android/AndroidManifest.xml:9:22-64
uses-permission#android.permission.ACCESS_WIFI_STATE
ADDED from refactored-octo-potato/android/AndroidManifest.xml:10:5-76
	android:name
		ADDED from refactored-octo-potato/android/AndroidManifest.xml:10:22-73
uses-permission#android.permission.ACCESS_NETWORK_STATE
ADDED from refactored-octo-potato/android/AndroidManifest.xml:11:5-79
	android:name
		ADDED from refactored-octo-potato/android/AndroidManifest.xml:11:22-76
application
ADDED from refactored-octo-potato/android/AndroidManifest.xml:13:5-28:19
	android:label
		ADDED from refactored-octo-potato/android/AndroidManifest.xml:16:9-41
	android:allowBackup
		ADDED from refactored-octo-potato/android/AndroidManifest.xml:14:9-35
	android:icon
		ADDED from refactored-octo-potato/android/AndroidManifest.xml:15:9-45
	android:theme
		ADDED from refactored-octo-potato/android/AndroidManifest.xml:17:9-40
activity#com.mygdx.game.AndroidLauncher
ADDED from refactored-octo-potato/android/AndroidManifest.xml:18:9-27:20
	android:screenOrientation
		ADDED from refactored-octo-potato/android/AndroidManifest.xml:21:13-50
	android:label
		ADDED from refactored-octo-potato/android/AndroidManifest.xml:20:13-45
	android:configChanges
		ADDED from refactored-octo-potato/android/AndroidManifest.xml:22:13-83
	android:name
		ADDED from refactored-octo-potato/android/AndroidManifest.xml:19:13-58
intent-filter#android.intent.action.MAIN+android.intent.category.LAUNCHER
ADDED from refactored-octo-potato/android/AndroidManifest.xml:23:13-26:29
action#android.intent.action.MAIN
ADDED from refactored-octo-potato/android/AndroidManifest.xml:24:17-69
	android:name
		ADDED from refactored-octo-potato/android/AndroidManifest.xml:24:25-66
category#android.intent.category.LAUNCHER
ADDED from refactored-octo-potato/android/AndroidManifest.xml:25:17-77
	android:name
		ADDED from refactored-octo-potato/android/AndroidManifest.xml:25:27-74